<?xml version="1.0" encoding="UTF-8"?>
<testng-results skipped="0" failed="0" ignored="0" total="1" passed="1">
  <reporter-output>
  </reporter-output>
  <suite name="Default suite" duration-ms="43737" started-at="2018-11-24T11:35:25Z" finished-at="2018-11-24T11:36:09Z">
    <groups>
    </groups>
    <test name="Default test" duration-ms="43737" started-at="2018-11-24T11:35:25Z" finished-at="2018-11-24T11:36:09Z">
      <class name="Object.Repo.Demo.Controller">
        <test-method status="PASS" signature="execution()[pri:0, instance:Object.Repo.Demo.Controller@335eadca]" name="execution" duration-ms="43711" started-at="2018-11-24T11:35:25Z" finished-at="2018-11-24T11:36:09Z">
          <reporter-output>
          </reporter-output>
        </test-method> <!-- execution -->
      </class> <!-- Object.Repo.Demo.Controller -->
    </test> <!-- Default test -->
  </suite> <!-- Default suite -->
</testng-results>
